c:\users\65836\source\repos\cgsp\application\debug\vc143.pdb
c:\users\65836\source\repos\cgsp\application\debug\vc143.idb
c:\users\65836\source\repos\cgsp\application\debug\shader.obj
c:\users\65836\source\repos\cgsp\application\debug\sceneshooting.obj
c:\users\65836\source\repos\cgsp\application\debug\sceneassignment2.obj
c:\users\65836\source\repos\cgsp\application\debug\mousecontroller.obj
c:\users\65836\source\repos\cgsp\application\debug\meshbuilder.obj
c:\users\65836\source\repos\cgsp\application\debug\mesh.obj
c:\users\65836\source\repos\cgsp\application\debug\matrixstack.obj
c:\users\65836\source\repos\cgsp\application\debug\main.obj
c:\users\65836\source\repos\cgsp\application\debug\loadtga.obj
c:\users\65836\source\repos\cgsp\application\debug\loadobj.obj
c:\users\65836\source\repos\cgsp\application\debug\gameobject.obj
c:\users\65836\source\repos\cgsp\application\debug\camerafps.obj
c:\users\65836\source\repos\cgsp\application\debug\camera.obj
c:\users\65836\source\repos\cgsp\application\debug\application.obj
c:\users\65836\source\repos\cgsp\application\debug\altazcamera.obj
c:\users\65836\source\repos\cgsp\debug\application.exe
c:\users\65836\source\repos\cgsp\application\debug\application.ilk
c:\users\65836\source\repos\cgsp\debug\application.pdb
c:\users\65836\source\repos\cgsp\application\debug\application.tlog\cl.command.1.tlog
c:\users\65836\source\repos\cgsp\application\debug\application.tlog\cl.read.1.tlog
c:\users\65836\source\repos\cgsp\application\debug\application.tlog\cl.write.1.tlog
c:\users\65836\source\repos\cgsp\application\debug\application.tlog\link.command.1.tlog
c:\users\65836\source\repos\cgsp\application\debug\application.tlog\link.read.1.tlog
c:\users\65836\source\repos\cgsp\application\debug\application.tlog\link.write.1.tlog
